[debug] [2019-09-30T20:05:56.222Z] ----------------------------------------------------------------------
[debug] [2019-09-30T20:05:56.224Z] Command:       /Users/zachnewburgh/.nvm/versions/node/v12.9.1/bin/node /Users/zachnewburgh/.nvm/versions/node/v12.9.1/bin/firebase serve
[debug] [2019-09-30T20:05:56.224Z] CLI Version:   7.3.0
[debug] [2019-09-30T20:05:56.224Z] Platform:      darwin
[debug] [2019-09-30T20:05:56.224Z] Node Version:  v12.9.1
[debug] [2019-09-30T20:05:56.228Z] Time:          Mon Sep 30 2019 16:05:56 GMT-0400 (Eastern Daylight Time)
[debug] [2019-09-30T20:05:56.228Z] ----------------------------------------------------------------------
[debug] 
[debug] [2019-09-30T20:05:56.239Z] > command requires scopes: ["email","openid","https://www.googleapis.com/auth/cloudplatformprojects.readonly","https://www.googleapis.com/auth/firebase","https://www.googleapis.com/auth/cloud-platform"]
[debug] [2019-09-30T20:05:56.239Z] > authorizing via signed-in user
[debug] [2019-09-30T20:05:56.239Z] [iam] checking project points-61aa2 for permissions ["firebase.projects.get"]
[debug] [2019-09-30T20:05:56.240Z] > refreshing access token with scopes: ["email","https://www.googleapis.com/auth/cloud-platform","https://www.googleapis.com/auth/cloudplatformprojects.readonly","https://www.googleapis.com/auth/firebase","openid"]
[debug] [2019-09-30T20:05:56.240Z] >>> HTTP REQUEST POST https://www.googleapis.com/oauth2/v3/token  
 <request body omitted>
[debug] [2019-09-30T20:05:56.439Z] <<< HTTP RESPONSE 200
[debug] [2019-09-30T20:05:56.451Z] >>> HTTP REQUEST POST https://cloudresourcemanager.googleapis.com/v1/projects/points-61aa2:testIamPermissions  

[debug] [2019-09-30T20:05:56.726Z] <<< HTTP RESPONSE 200
[debug] [2019-09-30T20:05:56.727Z] >>> HTTP REQUEST GET https://firebase.googleapis.com/v1beta1/projects/points-61aa2  
 
[debug] [2019-09-30T20:05:56.986Z] <<< HTTP RESPONSE 200
[info] 
[info] === Serving from '/Users/zachnewburgh/Projects/points'...
[info] 
[debug] [2019-09-30T20:05:56.988Z] >>> HTTP REQUEST GET https://firebase.googleapis.com/v1beta1/projects/points-61aa2/webApps/-/config  
 
[debug] [2019-09-30T20:05:57.349Z] <<< HTTP RESPONSE 200
[info] i  hosting: Serving hosting files from: dist/apps/points
[info] ✔  hosting: Local server: http://localhost:5000
